app/build/outputs/logs/manifest-merger-debug-report.txt
-- Merging decision tree log ---
manifest
ADDED from src/main/AndroidManifest.xml:2:1-87:12
	package
		ADDED from src/main/AndroidManifest.xml:3:11-43
		INJECTED from src/main/AndroidManifest.xml
		INJECTED from src/main/AndroidManifest.xml
	android:versionName
		ADDED from src/main/AndroidManifest.xml:5:11-38
		INJECTED from src/main/AndroidManifest.xml
		INJECTED from src/main/AndroidManifest.xml
	android:versionCode
		ADDED from src/main/AndroidManifest.xml:4:11-35
		INJECTED from src/main/AndroidManifest.xml
		INJECTED from src/main/AndroidManifest.xml
	xmlns:android
		ADDED from src/main/AndroidManifest.xml:2:11-69
uses-permission#android.permission.INTERNET
ADDED from src/main/AndroidManifest.xml:7:5-66
MERGED from [com.google.android.gms:play-services-ads-lite:9.2.1] AndroidManifest.xml:20:5-66
	android:name
		ADDED from src/main/AndroidManifest.xml:7:22-64
uses-permission#android.permission.ACCESS_NETWORK_STATE
ADDED from src/main/AndroidManifest.xml:8:5-78
MERGED from [com.google.android.gms:play-services-ads-lite:9.2.1] AndroidManifest.xml:21:5-78
	android:name
		ADDED from src/main/AndroidManifest.xml:8:22-76
application
ADDED from src/main/AndroidManifest.xml:10:5-85:19
MERGED from [com.android.support:appcompat-v7:23.4.0] AndroidManifest.xml:25:5-20
MERGED from [com.android.support:animated-vector-drawable:23.4.0] AndroidManifest.xml:7:5-20
MERGED from [com.android.support:support-vector-drawable:23.4.0] AndroidManifest.xml:7:5-20
MERGED from [com.android.support:support-v4:23.4.0] AndroidManifest.xml:22:5-20
MERGED from [com.google.android.gms:play-services-ads-lite:9.2.1] AndroidManifest.xml:24:5-32:19
MERGED from [com.google.android.gms:play-services-basement:9.2.1] AndroidManifest.xml:20:5-24:19
MERGED from [com.google.android.gms:play-services-base:9.2.1] AndroidManifest.xml:19:5-23:19
MERGED from [com.google.android.gms:play-services-tasks:9.2.1] AndroidManifest.xml:5:5-20
MERGED from [com.google.android.gms:play-services-clearcut:9.2.1] AndroidManifest.xml:19:5-20
MERGED from [com.google.android.gms:play-services-gass:9.2.1] AndroidManifest.xml:19:5-20
	android:label
		ADDED from src/main/AndroidManifest.xml:14:9-41
	android:allowBackup
		ADDED from src/main/AndroidManifest.xml:12:9-35
	android:icon
		ADDED from src/main/AndroidManifest.xml:13:9-45
	android:theme
		ADDED from src/main/AndroidManifest.xml:15:9-40
	android:name
		ADDED from src/main/AndroidManifest.xml:11:9-73
activity#com.hankora817.godsaid.activity.SplashAcitivty
ADDED from src/main/AndroidManifest.xml:16:9-25:20
	android:configChanges
		ADDED from src/main/AndroidManifest.xml:18:13-122
	android:theme
		ADDED from src/main/AndroidManifest.xml:19:13-49
	android:name
		ADDED from src/main/AndroidManifest.xml:17:13-74
intent-filter#android.intent.action.MAIN+android.intent.category.LAUNCHER
ADDED from src/main/AndroidManifest.xml:20:13-24:29
action#android.intent.action.MAIN
ADDED from src/main/AndroidManifest.xml:21:17-68
	android:name
		ADDED from src/main/AndroidManifest.xml:21:25-66
category#android.intent.category.LAUNCHER
ADDED from src/main/AndroidManifest.xml:22:17-76
	android:name
		ADDED from src/main/AndroidManifest.xml:22:27-74
activity#com.hankora817.godsaid.activity.PhraseActivity
ADDED from src/main/AndroidManifest.xml:26:9-41:20
	android:label
		ADDED from src/main/AndroidManifest.xml:29:13-45
	android:configChanges
		ADDED from src/main/AndroidManifest.xml:28:13-122
	android:theme
		ADDED from src/main/AndroidManifest.xml:30:13-45
	android:name
		ADDED from src/main/AndroidManifest.xml:27:13-74
intent-filter#android.intent.action.VIEW+android.intent.category.BROWSABLE+android.intent.category.DEFAULT
ADDED from src/main/AndroidManifest.xml:31:13-40:29
action#android.intent.action.VIEW
ADDED from src/main/AndroidManifest.xml:32:17-68
	android:name
		ADDED from src/main/AndroidManifest.xml:32:25-66
category#android.intent.category.DEFAULT
ADDED from src/main/AndroidManifest.xml:34:17-75
	android:name
		ADDED from src/main/AndroidManifest.xml:34:27-73
category#android.intent.category.BROWSABLE
ADDED from src/main/AndroidManifest.xml:35:17-77
	android:name
		ADDED from src/main/AndroidManifest.xml:35:27-75
data
ADDED from src/main/AndroidManifest.xml:37:17-39:60
	android:host
		ADDED from src/main/AndroidManifest.xml:38:21-58
	android:scheme
		ADDED from src/main/AndroidManifest.xml:39:21-58
activity#com.hankora817.godsaid.activity.PhraseListActivity
ADDED from src/main/AndroidManifest.xml:42:9-46:20
	android:configChanges
		ADDED from src/main/AndroidManifest.xml:44:13-122
	android:theme
		ADDED from src/main/AndroidManifest.xml:45:13-53
	android:name
		ADDED from src/main/AndroidManifest.xml:43:13-78
activity#com.hankora817.godsaid.activity.QuizActivity
ADDED from src/main/AndroidManifest.xml:48:9-52:20
	android:configChanges
		ADDED from src/main/AndroidManifest.xml:50:13-122
	android:theme
		ADDED from src/main/AndroidManifest.xml:51:13-53
	android:name
		ADDED from src/main/AndroidManifest.xml:49:13-72
activity#com.hankora817.godsaid.activity.ScoreActivity
ADDED from src/main/AndroidManifest.xml:54:9-58:20
	android:configChanges
		ADDED from src/main/AndroidManifest.xml:56:13-122
	android:theme
		ADDED from src/main/AndroidManifest.xml:57:13-53
	android:name
		ADDED from src/main/AndroidManifest.xml:55:13-73
activity#com.hankora817.godsaid.activity.GraphActivity
ADDED from src/main/AndroidManifest.xml:60:9-64:20
	android:configChanges
		ADDED from src/main/AndroidManifest.xml:62:13-122
	android:theme
		ADDED from src/main/AndroidManifest.xml:63:13-53
	android:name
		ADDED from src/main/AndroidManifest.xml:61:13-73
activity#com.google.android.gms.ads.AdActivity
ADDED from src/main/AndroidManifest.xml:66:9-68:124
MERGED from [com.google.android.gms:play-services-ads-lite:9.2.1] AndroidManifest.xml:26:9-29:64
	android:configChanges
		ADDED from src/main/AndroidManifest.xml:68:13-122
	android:theme
		ADDED from [com.google.android.gms:play-services-ads-lite:9.2.1] AndroidManifest.xml:29:13-61
	android:name
		ADDED from src/main/AndroidManifest.xml:67:13-65
receiver#com.hankora817.godsaid.widget.GodWidget
ADDED from src/main/AndroidManifest.xml:70:9-80:20
	android:label
		ADDED from src/main/AndroidManifest.xml:72:13-31
	android:name
		ADDED from src/main/AndroidManifest.xml:71:13-67
intent-filter#android.appwidget.action.APPWIDGET_UPDATE
ADDED from src/main/AndroidManifest.xml:73:13-75:29
action#android.appwidget.action.APPWIDGET_UPDATE
ADDED from src/main/AndroidManifest.xml:74:17-83
	android:name
		ADDED from src/main/AndroidManifest.xml:74:25-81
meta-data#android.appwidget.provider
ADDED from src/main/AndroidManifest.xml:77:13-79:56
	android:resource
		ADDED from src/main/AndroidManifest.xml:79:17-54
	android:name
		ADDED from src/main/AndroidManifest.xml:78:17-58
meta-data#com.kakao.sdk.AppKey
ADDED from src/main/AndroidManifest.xml:82:9-84:52
	android:value
		ADDED from src/main/AndroidManifest.xml:84:13-50
	android:name
		ADDED from src/main/AndroidManifest.xml:83:13-48
uses-sdk
INJECTED from src/main/AndroidManifest.xml reason: use-sdk injection requested
MERGED from [com.kakao.sdk:kakaolink:1.1.10] AndroidManifest.xml:11:5-13:41
MERGED from [com.kakao.sdk:util:1.1.10] AndroidManifest.xml:11:5-13:41
MERGED from [com.android.support:appcompat-v7:23.4.0] AndroidManifest.xml:21:5-23:78
MERGED from [com.android.support:animated-vector-drawable:23.4.0] AndroidManifest.xml:5:5-44
MERGED from [com.android.support:support-vector-drawable:23.4.0] AndroidManifest.xml:5:5-43
MERGED from [com.android.support:support-v4:23.4.0] AndroidManifest.xml:20:5-43
MERGED from [com.google.android.gms:play-services-ads:9.2.1] AndroidManifest.xml:19:5-42
MERGED from [com.google.android.gms:play-services-ads-lite:9.2.1] AndroidManifest.xml:23:5-42
MERGED from [com.google.android.gms:play-services-basement:9.2.1] AndroidManifest.xml:18:5-42
MERGED from [com.google.android.gms:play-services-base:9.2.1] AndroidManifest.xml:18:5-42
MERGED from [com.google.android.gms:play-services-tasks:9.2.1] AndroidManifest.xml:4:5-43
MERGED from [com.google.android.gms:play-services-clearcut:9.2.1] AndroidManifest.xml:18:5-42
MERGED from [com.google.android.gms:play-services-gass:9.2.1] AndroidManifest.xml:18:5-42
	tools:overrideLibrary
		ADDED from [com.android.support:appcompat-v7:23.4.0] AndroidManifest.xml:23:9-75
	android:targetSdkVersion
		INJECTED from src/main/AndroidManifest.xml
		INJECTED from src/main/AndroidManifest.xml
	android:minSdkVersion
		INJECTED from src/main/AndroidManifest.xml
		INJECTED from src/main/AndroidManifest.xml
activity#com.google.android.gms.ads.purchase.InAppPurchaseActivity
ADDED from [com.google.android.gms:play-services-ads-lite:9.2.1] AndroidManifest.xml:30:9-31:52
	android:theme
		ADDED from [com.google.android.gms:play-services-ads-lite:9.2.1] AndroidManifest.xml:31:13-50
	android:name
		ADDED from [com.google.android.gms:play-services-ads-lite:9.2.1] AndroidManifest.xml:30:19-91
meta-data#com.google.android.gms.version
ADDED from [com.google.android.gms:play-services-basement:9.2.1] AndroidManifest.xml:21:9-23:69
	android:value
		ADDED from [com.google.android.gms:play-services-basement:9.2.1] AndroidManifest.xml:23:13-66
	android:name
		ADDED from [com.google.android.gms:play-services-basement:9.2.1] AndroidManifest.xml:22:13-58
activity#com.google.android.gms.common.api.GoogleApiActivity
ADDED from [com.google.android.gms:play-services-base:9.2.1] AndroidManifest.xml:20:9-22:45
	android:exported
		ADDED from [com.google.android.gms:play-services-base:9.2.1] AndroidManifest.xml:22:19-43
	android:theme
		ADDED from [com.google.android.gms:play-services-base:9.2.1] AndroidManifest.xml:21:19-78
	android:name
		ADDED from [com.google.android.gms:play-services-base:9.2.1] AndroidManifest.xml:20:19-85